{"expiresAt":"2025-04-26T11:05:34.850Z","level":"info","message":"Verification token created","timestamp":"2025-04-25 14:05:34","token":"b7808032613baf57a79b0d34c468c7723b71c505911a80a7b2c7cff4bbed5d80","userId":20}
{"level":"info","message":"Email sent to 7fu9suxud9@zudpck.com","subject":"Подтверждение email для ПДД Тренажёра","timestamp":"2025-04-25 14:05:36"}
{"level":"info","message":"Email verified for user: 7fu9suxud9@zudpck.com","timestamp":"2025-04-25 14:06:37","token":"b7808032613baf57a79b0d34c468c7723b71c505911a80a7b2c7cff4bbed5d80","userId":20}
{"level":"error","message":"Token not found in database","timestamp":"2025-04-25 14:06:37","token":"b7808032613baf57a79b0d34c468c7723b71c505911a80a7b2c7cff4bbed5d80"}
{"level":"error","message":"Token not found in database","timestamp":"2025-04-25 14:07:04","token":"b7808032613baf57a79b0d34c468c7723b71c505911a80a7b2c7cff4bbed5d80"}
{"level":"error","message":"Token not found in database","timestamp":"2025-04-25 14:07:04","token":"b7808032613baf57a79b0d34c468c7723b71c505911a80a7b2c7cff4bbed5d80"}
{"expiresAt":"2025-04-26T11:15:59.030Z","level":"info","message":"Verification token created","timestamp":"2025-04-25 14:15:59","token":"09f8e9f776a464e682892e5eee4e5402e828fb9c0da9ca3cc496fcbde097d714","userId":21}
{"level":"info","message":"Email sent to uy97sew6pv@zvvzuv.com","subject":"Подтверждение email для ПДД Тренажёра","timestamp":"2025-04-25 14:16:02"}
{"expiresAt":"2025-04-26T11:23:01.219Z","level":"info","message":"Verification token created","timestamp":"2025-04-25 14:23:01","token":"47b3c990e448c6eca9835ef25aca66ffe0825542b26cf7fd415ffcd63f6f3b76","userId":22}
{"level":"info","message":"Email sent to yubltdaeur@smykwb.com","subject":"Подтверждение email для ПДД Тренажёра","timestamp":"2025-04-25 14:23:02"}
{"expiresAt":"2025-04-26T11:36:36.684Z","level":"info","message":"Verification token created","timestamp":"2025-04-25 14:36:36","token":"9b09dd2d664924bc9c06afb1fcef7ceba15fb4f0b61417a0449233bd2c565656","userId":23}
{"level":"info","message":"Email sent to 4joqy6h5iu@wyoxafp.com","subject":"Подтверждение email для ПДД Тренажёра","timestamp":"2025-04-25 14:36:39"}
{"expiresAt":"2025-04-26T11:44:34.039Z","level":"info","message":"Verification token created","timestamp":"2025-04-25 14:44:34","token":"ad571a9c423056f0ea89350083178bd299e7ca36dbec8dc773d3a4f7bae540ec","userId":24}
{"level":"info","message":"Email sent to mta2pcn51i@wywnxa.com","subject":"Подтверждение email для ПДД Тренажёра","timestamp":"2025-04-25 14:44:37"}
{"level":"info","message":"Email sent to mta2pcn51i@wywnxa.com","subject":"Восстановление пароля","timestamp":"2025-04-25 16:33:59"}
{"expiresAt":"2025-04-26T13:42:08.354Z","level":"info","message":"Verification token created","timestamp":"2025-04-25 16:42:08","token":"c501862f222f4cbc9977e491fd80a55a197d2db51ea7af83756a2e587fb653fa","userId":25}
{"level":"info","message":"Email sent to shlimakovv@mail.ru","subject":"Подтверждение email для ПДД Тренажёра","timestamp":"2025-04-25 16:42:10"}
{"level":"info","message":"Email sent to shlimakovv@mail.ru","subject":"Восстановление пароля","timestamp":"2025-04-25 16:46:27"}
{"expiresAt":"2025-04-26T13:52:25.899Z","level":"info","message":"Verification token created","timestamp":"2025-04-25 16:52:25","token":"dce2ffe46565cc4f4e74b63ff6fc9cbfb43faf988931a5e9379cb6eeedb6aa5a","userId":26}
{"level":"info","message":"Email sent to shlimakovvvova@gmail.com","subject":"Подтверждение email для ПДД Тренажёра","timestamp":"2025-04-25 16:52:28"}
{"expiresAt":"2025-04-26T15:16:19.164Z","level":"info","message":"Verification token created","timestamp":"2025-04-25 18:16:19","token":"0731ed0b8db36dae63550e9513970c36f98ecacaf16fdafe237ef7293789b2fe","userId":27}
{"level":"info","message":"Email sent to gi942j0lnw@qzueos.com","subject":"Подтверждение email для ПДД Тренажёра","timestamp":"2025-04-25 18:16:21"}
{"level":"info","message":"Email sent to gi942j0lnw@qzueos.com","subject":"Восстановление пароля","timestamp":"2025-04-25 18:18:43"}
{"expiresAt":"2025-04-26T15:19:44.590Z","level":"info","message":"Verification token created","timestamp":"2025-04-25 18:19:44","token":"c607b0ac0afa6cebba23cf615edaffabf6ddde8b3123c3f781a5eed9e3418540","userId":28}
{"level":"info","message":"Email sent to yw6j74vfry@daouse.com","subject":"Подтверждение email для ПДД Тренажёра","timestamp":"2025-04-25 18:19:46"}
{"expiresAt":"2025-04-26T16:02:45.976Z","level":"info","message":"Verification token created","timestamp":"2025-04-25 19:02:45","token":"fe64b29a261858d93d949ff6436bc60b8fb43dd3684bc79b923a07af9b042c08","userId":29}
{"level":"info","message":"Email sent to 433kp06m16@osxofulk.com","subject":"Подтверждение email для ПДД Тренажёра","timestamp":"2025-04-25 19:02:48"}
{"level":"info","message":"Email sent to 433kp06m16@osxofulk.com","subject":"Восстановление пароля","timestamp":"2025-04-25 19:04:12"}
{"expiresAt":"2025-04-26T16:04:52.392Z","level":"info","message":"Verification token created","timestamp":"2025-04-25 19:04:52","token":"4b7efa76e96e9a4f2619a2b1a4fff9e3aae0e561c53715d32813d2d6d36513c3","userId":30}
{"level":"info","message":"Email sent to mced8uurd9@mkzaso.com","subject":"Подтверждение email для ПДД Тренажёра","timestamp":"2025-04-25 19:04:54"}
{"level":"info","message":"Email sent to mced8uurd9@mkzaso.com","subject":"Восстановление пароля","timestamp":"2025-04-25 19:06:46"}
{"expiresAt":"2025-04-27T11:22:18.365Z","level":"info","message":"Verification token created","timestamp":"2025-04-26 14:22:18","token":"64278effda881bac27fdfe0a888b2b0776991a09c3fc69b44326c3758d2e1df6","userId":31}
{"level":"info","message":"Email sent to mmioe1blvn@wyoxafp.com","subject":"Подтверждение email для ПДД Тренажёра","timestamp":"2025-04-26 14:22:21"}
{"expiresAt":"2025-04-27T13:08:15.781Z","level":"info","message":"Verification token created","timestamp":"2025-04-26 16:08:15","token":"cd284abd5d1d9fc15ff5a60a5b6d1066fe3f7e954a0636ef7f68f2d642dbcdef","userId":32}
{"level":"info","message":"Email sent to y1kslwngg8@knmcadibav.com","subject":"Подтверждение email для ПДД Тренажёра","timestamp":"2025-04-26 16:08:18"}
{"level":"info","message":"Email sent to y1kslwngg8@knmcadibav.com","subject":"Восстановление пароля","timestamp":"2025-04-26 16:10:23"}
{"expiresAt":"2025-04-27T13:15:32.235Z","level":"info","message":"Verification token created","timestamp":"2025-04-26 16:15:32","token":"25724ef49a891e939919978925bacf482716fc5245f051e6f88a503713b645e6","userId":33}
{"level":"info","message":"Email sent to u7mk8e3d7t@wyoxafp.com","subject":"Подтверждение email для ПДД Тренажёра","timestamp":"2025-04-26 16:15:34"}
{"expiresAt":"2025-04-27T13:29:31.226Z","level":"info","message":"Verification token created","timestamp":"2025-04-26 16:29:31","token":"178994b97edb71736d3ea072d8132b234d75968e6dde5e467d6dad459b052eac","userId":34}
{"level":"info","message":"Email sent to x9sk7zk8eg@knmcadibav.com","subject":"Подтверждение email для ПДД Тренажёра","timestamp":"2025-04-26 16:29:32"}
{"expiresAt":"2025-04-27T13:31:31.301Z","level":"info","message":"Verification token created","timestamp":"2025-04-26 16:31:31","token":"9ddc29aabebf78687f7348c35548090f7ed2faefd0afed9996d0951cfc13ab56","userId":35}
{"level":"info","message":"Email sent to jhpe6qxm51@zudpck.com","subject":"Подтверждение email для ПДД Тренажёра","timestamp":"2025-04-26 16:31:33"}
{"expiresAt":"2025-04-27T13:32:33.604Z","level":"info","message":"Verification token created","timestamp":"2025-04-26 16:32:33","token":"b42400a4d22ed24c316ad7ff35c6262090c99a85bd37951cf9e157b89272e06c","userId":36}
{"level":"info","message":"Email sent to 4hz827oihr@qzueos.com","subject":"Подтверждение email для ПДД Тренажёра","timestamp":"2025-04-26 16:32:36"}
{"expiresAt":"2025-04-27T13:49:24.778Z","level":"info","message":"Verification token created","timestamp":"2025-04-26 16:49:24","token":"fc36a172249c993b281096f7d412e1ec0868d50059ae675696a7eb5d12e0486d","userId":37}
{"level":"info","message":"Email sent to mj1m2n2zoi@jkotypc.com","subject":"Подтверждение email для ПДД Тренажёра","timestamp":"2025-04-26 16:49:26"}
{"expiresAt":"2025-04-27T13:51:49.565Z","level":"info","message":"Verification token created","timestamp":"2025-04-26 16:51:49","token":"0df766d56c3a62a4ab2732eab1875a703d093b9eaf5bde300459c72c0c271cc9","userId":38}
{"level":"info","message":"Email sent to zz0j8dqc1p@qejjyl.com","subject":"Подтверждение email для ПДД Тренажёра","timestamp":"2025-04-26 16:51:51"}
{"expiresAt":"2025-04-27T13:52:55.001Z","level":"info","message":"Verification token created","timestamp":"2025-04-26 16:52:55","token":"766a3eb6692a360dd16080ec794b61d38d92c0ad4257a59a54e9caa8fd69ed78","userId":39}
{"level":"info","message":"Email sent to hf9naeix31@smykwb.com","subject":"Подтверждение email для ПДД Тренажёра","timestamp":"2025-04-26 16:52:57"}
{"expiresAt":"2025-04-27T14:19:07.718Z","level":"info","message":"Verification token created","timestamp":"2025-04-26 17:19:07","token":"851f7f54f9147b391244d8e401cc12462910ce4e0d650a35d79fc51dd61b114d","userId":40}
{"level":"info","message":"Email sent to ncw9gkuleq@zudpck.com","subject":"Подтверждение email для ПДД Тренажёра","timestamp":"2025-04-26 17:19:09"}
